{"C:\\Idea\\asd\\Liczby\\app\\app.js":{"path":"C:\\Idea\\asd\\Liczby\\app\\app.js","s":{"1":1,"2":6,"3":6,"4":6,"5":2,"6":6,"7":6,"8":2,"9":4,"10":1,"11":7,"12":2,"13":2,"14":2,"15":2,"16":9,"17":5,"18":5,"19":5,"20":9,"21":2,"22":2,"23":5,"24":1},"b":{"1":[2,4],"2":[2,5],"3":[7,5]},"f":{"1":6,"2":7},"fnMap":{"1":{"name":"automorphic","line":1,"loc":{"start":{"line":1,"column":0},"end":{"line":2,"column":0}}},"2":{"name":"prime","line":19,"loc":{"start":{"line":19,"column":0},"end":{"line":20,"column":0}}}},"statementMap":{"1":{"start":{"line":1,"column":0},"end":{"line":17,"column":1}},"2":{"start":{"line":2,"column":8},"end":{"line":2,"column":22}},"3":{"start":{"line":4,"column":4},"end":{"line":4,"column":8}},"4":{"start":{"line":6,"column":4},"end":{"line":10,"column":5}},"5":{"start":{"line":9,"column":8},"end":{"line":9,"column":13}},"6":{"start":{"line":12,"column":4},"end":{"line":12,"column":19}},"7":{"start":{"line":14,"column":4},"end":{"line":15,"column":25}},"8":{"start":{"line":14,"column":17},"end":{"line":14,"column":65}},"9":{"start":{"line":15,"column":10},"end":{"line":15,"column":23}},"10":{"start":{"line":19,"column":0},"end":{"line":43,"column":1}},"11":{"start":{"line":22,"column":4},"end":{"line":41,"column":5}},"12":{"start":{"line":23,"column":8},"end":{"line":23,"column":51}},"13":{"start":{"line":24,"column":8},"end":{"line":24,"column":18}},"14":{"start":{"line":25,"column":8},"end":{"line":25,"column":43}},"15":{"start":{"line":26,"column":8},"end":{"line":33,"column":9}},"16":{"start":{"line":27,"column":12},"end":{"line":31,"column":13}},"17":{"start":{"line":28,"column":16},"end":{"line":28,"column":33}},"18":{"start":{"line":29,"column":16},"end":{"line":29,"column":40}},"19":{"start":{"line":30,"column":16},"end":{"line":30,"column":47}},"20":{"start":{"line":32,"column":12},"end":{"line":32,"column":16}},"21":{"start":{"line":34,"column":9},"end":{"line":34,"column":28}},"22":{"start":{"line":35,"column":8},"end":{"line":35,"column":22}},"23":{"start":{"line":39,"column":8},"end":{"line":39,"column":21}},"24":{"start":{"line":45,"column":0},"end":{"line":49,"column":2}}},"branchMap":{"1":{"line":14,"type":"if","locations":[{"start":{"line":14,"column":4},"end":{"line":14,"column":4}},{"start":{"line":14,"column":4},"end":{"line":14,"column":4}}]},"2":{"line":22,"type":"if","locations":[{"start":{"line":22,"column":4},"end":{"line":22,"column":4}},{"start":{"line":22,"column":4},"end":{"line":22,"column":4}}]},"3":{"line":22,"type":"binary-expr","locations":[{"start":{"line":22,"column":8},"end":{"line":22,"column":19}},{"start":{"line":22,"column":23},"end":{"line":22,"column":30}}]}}}}